<?xml version="1.0" encoding="UTF-8"?>
<testsuite name="com.example.project.CrudControllerTest" time="0.772" tests="6" errors="0" skipped="0" failures="0">
  <properties>
    <property name="idea.version" value="2023.1"/>
    <property name="java.runtime.name" value="OpenJDK Runtime Environment"/>
    <property name="sun.boot.library.path" value="/Users/zongrenl/Library/Java/JavaVirtualMachines/temurin-1.8.0_402/Contents/Home/jre/lib"/>
    <property name="java.vm.version" value="25.402-b06"/>
    <property name="gopherProxySet" value="false"/>
    <property name="java.vm.vendor" value="Temurin"/>
    <property name="maven.multiModuleProjectDirectory" value="/Users/zongrenl/Documents/ElasticGumby/19032024_demo/amazon-q-transform-demo"/>
    <property name="java.vendor.url" value="https://adoptium.net/"/>
    <property name="path.separator" value=":"/>
    <property name="guice.disable.misplaced.annotation.check" value="true"/>
    <property name="java.vm.name" value="OpenJDK 64-Bit Server VM"/>
    <property name="file.encoding.pkg" value="sun.io"/>
    <property name="user.country" value="DE"/>
    <property name="sun.java.launcher" value="SUN_STANDARD"/>
    <property name="sun.os.patch.level" value="unknown"/>
    <property name="java.vm.specification.name" value="Java Virtual Machine Specification"/>
    <property name="user.dir" value="/Users/zongrenl/Documents/ElasticGumby/19032024_demo/amazon-q-transform-demo"/>
    <property name="java.runtime.version" value="1.8.0_402-b06"/>
    <property name="java.awt.graphicsenv" value="sun.awt.CGraphicsEnvironment"/>
    <property name="java.endorsed.dirs" value="/Users/zongrenl/Library/Java/JavaVirtualMachines/temurin-1.8.0_402/Contents/Home/jre/lib/endorsed"/>
    <property name="os.arch" value="x86_64"/>
    <property name="java.io.tmpdir" value="/var/folders/nx/4f9sf23j1lg8zs3b05cd2grw0000gr/T/"/>
    <property name="line.separator" value="&#10;"/>
    <property name="java.vm.specification.vendor" value="Oracle Corporation"/>
    <property name="os.name" value="Mac OS X"/>
    <property name="maven.ext.class.path" value="/Users/zongrenl/.gradle/caches/modules-2/files-2.1/com.jetbrains.intellij.idea/ideaIC/2023.1/79ab2d2970b44e4c36be667e173da87c982a9814/ideaIC-2023.1/plugins/maven/lib/maven-event-listener.jar"/>
    <property name="classworlds.conf" value="/Users/zongrenl/.gradle/caches/modules-2/files-2.1/com.jetbrains.intellij.idea/ideaIC/2023.1/79ab2d2970b44e4c36be667e173da87c982a9814/ideaIC-2023.1/plugins/maven/lib/maven3/bin/m2.conf"/>
    <property name="sun.jnu.encoding" value="UTF-8"/>
    <property name="java.library.path" value="/Users/zongrenl/Library/Java/Extensions:/Library/Java/Extensions:/Network/Library/Java/Extensions:/System/Library/Java/Extensions:/usr/lib/java:."/>
    <property name="jansi.passthrough" value="true"/>
    <property name="maven.conf" value="/Users/zongrenl/.gradle/caches/modules-2/files-2.1/com.jetbrains.intellij.idea/ideaIC/2023.1/79ab2d2970b44e4c36be667e173da87c982a9814/ideaIC-2023.1/plugins/maven/lib/maven3/conf"/>
    <property name="java.specification.name" value="Java Platform API Specification"/>
    <property name="java.class.version" value="52.0"/>
    <property name="sun.management.compiler" value="HotSpot 64-Bit Tiered Compilers"/>
    <property name="maven.repo.local" value="/var/folders/nx/4f9sf23j1lg8zs3b05cd2grw0000gr/T/transformation_dependencies_temp_17108706663344457050444268851484"/>
    <property name="os.version" value="13.6.4"/>
    <property name="user.home" value="/Users/zongrenl"/>
    <property name="user.timezone" value="Europe/Berlin"/>
    <property name="java.awt.printerjob" value="sun.lwawt.macosx.CPrinterJob"/>
    <property name="java.specification.version" value="1.8"/>
    <property name="file.encoding" value="UTF-8"/>
    <property name="user.name" value="zongrenl"/>
    <property name="java.class.path" value="/Users/zongrenl/.gradle/caches/modules-2/files-2.1/com.jetbrains.intellij.idea/ideaIC/2023.1/79ab2d2970b44e4c36be667e173da87c982a9814/ideaIC-2023.1/plugins/maven/lib/maven3/boot/plexus-classworlds.license:/Users/zongrenl/.gradle/caches/modules-2/files-2.1/com.jetbrains.intellij.idea/ideaIC/2023.1/79ab2d2970b44e4c36be667e173da87c982a9814/ideaIC-2023.1/plugins/maven/lib/maven3/boot/plexus-classworlds-2.6.0.jar:/Users/zongrenl/.gradle/caches/modules-2/files-2.1/com.jetbrains.intellij.idea/ideaIC/2023.1/79ab2d2970b44e4c36be667e173da87c982a9814/ideaIC-2023.1/lib/idea_rt.jar"/>
    <property name="java.vm.specification.version" value="1.8"/>
    <property name="sun.arch.data.model" value="64"/>
    <property name="java.home" value="/Users/zongrenl/Library/Java/JavaVirtualMachines/temurin-1.8.0_402/Contents/Home/jre"/>
    <property name="sun.java.command" value="org.codehaus.classworlds.Launcher -Didea.version=2023.1 -Dmaven.repo.local=/var/folders/nx/4f9sf23j1lg8zs3b05cd2grw0000gr/T/transformation_dependencies_temp_17108706663344457050444268851484 install"/>
    <property name="java.specification.vendor" value="Oracle Corporation"/>
    <property name="user.language" value="en"/>
    <property name="awt.toolkit" value="sun.lwawt.macosx.LWCToolkit"/>
    <property name="java.vm.info" value="mixed mode"/>
    <property name="java.version" value="1.8.0_402"/>
    <property name="java.ext.dirs" value="/Users/zongrenl/Library/Java/Extensions:/Users/zongrenl/Library/Java/JavaVirtualMachines/temurin-1.8.0_402/Contents/Home/jre/lib/ext:/Library/Java/Extensions:/Network/Library/Java/Extensions:/System/Library/Java/Extensions:/usr/lib/java"/>
    <property name="sun.boot.class.path" value="/Users/zongrenl/Library/Java/JavaVirtualMachines/temurin-1.8.0_402/Contents/Home/jre/lib/resources.jar:/Users/zongrenl/Library/Java/JavaVirtualMachines/temurin-1.8.0_402/Contents/Home/jre/lib/rt.jar:/Users/zongrenl/Library/Java/JavaVirtualMachines/temurin-1.8.0_402/Contents/Home/jre/lib/sunrsasign.jar:/Users/zongrenl/Library/Java/JavaVirtualMachines/temurin-1.8.0_402/Contents/Home/jre/lib/jsse.jar:/Users/zongrenl/Library/Java/JavaVirtualMachines/temurin-1.8.0_402/Contents/Home/jre/lib/jce.jar:/Users/zongrenl/Library/Java/JavaVirtualMachines/temurin-1.8.0_402/Contents/Home/jre/lib/charsets.jar:/Users/zongrenl/Library/Java/JavaVirtualMachines/temurin-1.8.0_402/Contents/Home/jre/lib/jfr.jar:/Users/zongrenl/Library/Java/JavaVirtualMachines/temurin-1.8.0_402/Contents/Home/jre/classes"/>
    <property name="java.vendor" value="Temurin"/>
    <property name="java.specification.maintenance.version" value="5"/>
    <property name="maven.home" value="/Users/zongrenl/.gradle/caches/modules-2/files-2.1/com.jetbrains.intellij.idea/ideaIC/2023.1/79ab2d2970b44e4c36be667e173da87c982a9814/ideaIC-2023.1/plugins/maven/lib/maven3"/>
    <property name="file.separator" value="/"/>
    <property name="java.vendor.url.bug" value="https://github.com/adoptium/adoptium-support/issues"/>
    <property name="sun.cpu.endian" value="little"/>
    <property name="sun.io.unicode.encoding" value="UnicodeBig"/>
    <property name="sun.cpu.isalist" value=""/>
  </properties>
  <testcase name="testCreateOrder" classname="com.example.project.CrudControllerTest" time="0.762"/>
  <testcase name="testCreateProduct" classname="com.example.project.CrudControllerTest" time="0.001"/>
  <testcase name="testGetAllCustomers" classname="com.example.project.CrudControllerTest" time="0.003"/>
  <testcase name="testCreateCustomer" classname="com.example.project.CrudControllerTest" time="0.002"/>
  <testcase name="testGetAllOrders" classname="com.example.project.CrudControllerTest" time="0.003"/>
  <testcase name="testGetAllProducts" classname="com.example.project.CrudControllerTest" time="0.001"/>
</testsuite>